<?xml version="1.0" encoding="UTF-8"?>
<!-- Generated by org.testng.reporters.JUnitReportReporter -->
<testsuite hostname="DESKTOP-6VQJGJK" failures="0" tests="2" name="Resources.Temp" time="0.039" errors="0" timestamp="2025-08-26T21:49:09 IST" skipped="0">
  <testcase classname="Resources.Temp" name="testme" time="0.007"/>
  <testcase classname="Resources.Temp" name="testme" time="0.032"/>
</testsuite> <!-- Resources.Temp -->
